2023.11.08 15:23:03 INFO  Started: Metals version 1.1.0 in folders '/home/hpereira1/Documents/paradigmasT2' for client Visual Studio Code 1.83.1.[0m
Nov 08, 2023 3:23:03 PM org.eclipse.lsp4j.jsonrpc.RemoteEndpoint handleCancellation
WARNING: Unmatched cancel notification for request id 1
2023.11.08 15:23:03 WARN  Build server is not auto-connectable.[0m
2023.11.08 15:23:03 WARN  no build target for: /home/hpereira1/Documents/paradigmasT2/kojun/build.sbt[0m
2023.11.08 15:23:09 INFO  no build target found for /home/hpereira1/Documents/paradigmasT2/kojun/build.sbt. Using presentation compiler with project's scala-library version: 3.3.1[0m
2023.11.08 15:23:30 INFO  running '/usr/lib/jvm/java-17-oracle/bin/java -Djline.terminal=jline.UnsupportedTerminal -Dsbt.log.noformat=true -Dfile.encoding=UTF-8 -jar /tmp/metals1486447140422505770/sbt-launch.jar -Dbloop.export-jar-classifiers=sources bloopInstall'[0m
2023.11.08 15:23:31 INFO  [info] welcome to sbt 1.9.7 (Oracle Corporation Java 17.0.6)[0m
2023.11.08 15:23:33 INFO  [info] loading settings for project kojun-build-build from metals.sbt ...[0m
2023.11.08 15:23:33 INFO  [info] loading project definition from /home/hpereira1/Documents/paradigmasT2/kojun/project/project[0m
2023.11.08 15:23:37 INFO  [info] loading settings for project kojun-build from metals.sbt ...[0m
2023.11.08 15:23:37 INFO  [info] loading project definition from /home/hpereira1/Documents/paradigmasT2/kojun/project[0m
2023.11.08 15:23:42 INFO  [success] Generated .bloop/kojun-build.json[0m
2023.11.08 15:23:42 INFO  [success] Total time: 4 s, completed Nov 8, 2023, 3:23:42 PM[0m
2023.11.08 15:23:42 INFO  [info] loading settings for project root from build.sbt ...[0m
2023.11.08 15:23:43 INFO  [info] set current project to kojun (in build file:/home/hpereira1/Documents/paradigmasT2/kojun/)[0m
2023.11.08 15:23:50 INFO  [success] Generated .bloop/root-test.json[0m
2023.11.08 15:23:50 INFO  [success] Generated .bloop/root.json[0m
2023.11.08 15:23:50 INFO  [success] Total time: 7 s, completed Nov 8, 2023, 3:23:50 PM[0m
2023.11.08 15:23:50 INFO  time: ran 'sbt bloopInstall' in 20s[0m
2023.11.08 15:23:50 INFO  Attempting to connect to the build server...[0m
2023.11.08 15:23:50 INFO  Setting up current java home /usr/lib/jvm/java-17-oracle in /home/hpereira1/.bloop/bloop.json[0m
2023.11.08 15:24:00 INFO  tracing is disabled for protocol BSP, to enable tracing of incoming and outgoing JSON messages create an empty file at /home/hpereira1/Documents/paradigmasT2/.metals/bsp.trace.json or /home/hpereira1/.cache/metals/bsp.trace.json[0m
2023.11.08 15:24:00 INFO  time: Connected to build server in 10s[0m
2023.11.08 15:24:00 INFO  Connected to Build server: Bloop v1.5.11[0m
2023.11.08 15:24:02 INFO  time: indexed workspace in 1.62s[0m
2023.11.08 15:24:02 WARN  no build target for: /home/hpereira1/Documents/paradigmasT2/kojun/build.sbt[0m
2023.11.08 15:24:45 INFO  compiling root (1 scala source)[0m
2023.11.08 15:24:48 INFO  time: compiled root in 3.24s[0m
2023.11.08 15:25:14 WARN  no build target for: /home/hpereira1/Documents/paradigmasT2/kojun/build.sbt[0m
2023.11.08 15:25:33 INFO  compiling root-test (1 scala source)[0m
2023.11.08 15:25:34 INFO  time: compiled root-test in 1.12s[0m
2023.11.08 15:26:06 INFO  compiling root (1 scala source)[0m
2023.11.08 15:26:06 INFO  time: compiled root in 0.33s[0m
2023.11.08 16:04:36 INFO  compiling root (1 scala source)[0m
2023.11.08 16:04:37 INFO  time: compiled root in 1.08s[0m
Nov 08, 2023 4:08:08 PM org.eclipse.lsp4j.jsonrpc.RemoteEndpoint handleCancellation
WARNING: Unmatched cancel notification for request id 200
Nov 08, 2023 4:08:08 PM org.eclipse.lsp4j.jsonrpc.RemoteEndpoint handleCancellation
WARNING: Unmatched cancel notification for request id 205
Nov 08, 2023 4:08:15 PM org.eclipse.lsp4j.jsonrpc.RemoteEndpoint handleCancellation
WARNING: Unmatched cancel notification for request id 207
Nov 08, 2023 4:08:23 PM org.eclipse.lsp4j.jsonrpc.RemoteEndpoint handleCancellation
WARNING: Unmatched cancel notification for request id 214
Nov 08, 2023 4:08:36 PM org.eclipse.lsp4j.jsonrpc.RemoteEndpoint handleCancellation
WARNING: Unmatched cancel notification for request id 219
Nov 08, 2023 4:08:36 PM org.eclipse.lsp4j.jsonrpc.RemoteEndpoint handleCancellation
WARNING: Unmatched cancel notification for request id 212
Nov 08, 2023 4:08:36 PM org.eclipse.lsp4j.jsonrpc.RemoteEndpoint handleCancellation
WARNING: Unmatched cancel notification for request id 221
Nov 08, 2023 4:08:42 PM org.eclipse.lsp4j.jsonrpc.RemoteEndpoint handleCancellation
WARNING: Unmatched cancel notification for request id 224
Nov 08, 2023 4:08:42 PM org.eclipse.lsp4j.jsonrpc.RemoteEndpoint handleCancellation
WARNING: Unmatched cancel notification for request id 226
Nov 08, 2023 4:08:46 PM org.eclipse.lsp4j.jsonrpc.RemoteEndpoint handleCancellation
WARNING: Unmatched cancel notification for request id 228
Nov 08, 2023 4:08:56 PM org.eclipse.lsp4j.jsonrpc.RemoteEndpoint handleCancellation
WARNING: Unmatched cancel notification for request id 231
Nov 08, 2023 4:08:56 PM org.eclipse.lsp4j.jsonrpc.RemoteEndpoint handleCancellation
WARNING: Unmatched cancel notification for request id 233
Nov 08, 2023 4:08:56 PM org.eclipse.lsp4j.jsonrpc.RemoteEndpoint handleCancellation
WARNING: Unmatched cancel notification for request id 234
Nov 08, 2023 4:09:01 PM org.eclipse.lsp4j.jsonrpc.RemoteEndpoint handleCancellation
WARNING: Unmatched cancel notification for request id 236
Nov 08, 2023 4:09:01 PM org.eclipse.lsp4j.jsonrpc.RemoteEndpoint handleCancellation
WARNING: Unmatched cancel notification for request id 238
Nov 08, 2023 4:09:09 PM org.eclipse.lsp4j.jsonrpc.RemoteEndpoint handleCancellation
WARNING: Unmatched cancel notification for request id 240
Nov 08, 2023 4:09:23 PM org.eclipse.lsp4j.jsonrpc.RemoteEndpoint handleCancellation
WARNING: Unmatched cancel notification for request id 243
Nov 08, 2023 4:18:26 PM org.eclipse.lsp4j.jsonrpc.RemoteEndpoint handleCancellation
WARNING: Unmatched cancel notification for request id 246
2023.11.08 16:18:28 INFO  time: code lens generation in 2.43s[0m
Nov 08, 2023 4:18:30 PM org.eclipse.lsp4j.jsonrpc.RemoteEndpoint handleCancellation
WARNING: Unmatched cancel notification for request id 256
Nov 08, 2023 4:18:30 PM org.eclipse.lsp4j.jsonrpc.RemoteEndpoint handleCancellation
WARNING: Unmatched cancel notification for request id 251
2023.11.08 16:18:31 INFO  time: code lens generation in 1.01s[0m
Nov 08, 2023 4:18:31 PM org.eclipse.lsp4j.jsonrpc.RemoteEndpoint handleCancellation
WARNING: Unmatched cancel notification for request id 260
Nov 08, 2023 4:18:31 PM org.eclipse.lsp4j.jsonrpc.RemoteEndpoint handleCancellation
WARNING: Unmatched cancel notification for request id 248
